<?xml version="1.0" encoding="UTF-8"?>
<!-- Generated by org.testng.reporters.JUnitReportReporter -->
<testsuite hostname="DESKTOP-5PGD9M5" failures="0" tests="27" name="BAE_ROAD_TESTCASES.HomePage_BaeRoad" time="194.072" errors="0" timestamp="2020-08-05T18:48:04 IST" skipped="25">
  <testcase classname="BAE_ROAD_TESTCASES.HomePage_BaeRoad" name="SuccefulLogin" time="108.605"/>
  <system-out/>
  <testcase classname="BAE_ROAD_TESTCASES.HomePage_BaeRoad" name="CreateNewGameUploadFreePost" time="85.467"/>
  <system-out/>
  <testcase classname="BAE_ROAD_TESTCASES.HomePage_BaeRoad" name="InvalidHomePageSearchBoxFunctionalityTesting">
    <skipped/>
  </testcase> <!-- InvalidHomePageSearchBoxFunctionalityTesting -->
  <system-out/>
  <testcase classname="BAE_ROAD_TESTCASES.HomePage_BaeRoad" name="CreateNewPostmultiuploadsTest">
    <skipped/>
  </testcase> <!-- CreateNewPostmultiuploadsTest -->
  <system-out/>
  <testcase classname="BAE_ROAD_TESTCASES.HomePage_BaeRoad" name="CreateNewPostWriteTextValidation">
    <skipped/>
  </testcase> <!-- CreateNewPostWriteTextValidation -->
  <system-out/>
  <testcase classname="BAE_ROAD_TESTCASES.HomePage_BaeRoad" name="ValidHomePageFollowingUI">
    <skipped/>
  </testcase> <!-- ValidHomePageFollowingUI -->
  <system-out/>
  <testcase classname="BAE_ROAD_TESTCASES.HomePage_BaeRoad" name="HomePageMessageOptionClickTesting">
    <skipped/>
  </testcase> <!-- HomePageMessageOptionClickTesting -->
  <system-out/>
  <testcase classname="BAE_ROAD_TESTCASES.HomePage_BaeRoad" name="HomePageFollowingOrFollowerNavigateBarCancelTest">
    <skipped/>
  </testcase> <!-- HomePageFollowingOrFollowerNavigateBarCancelTest -->
  <system-out/>
  <testcase classname="BAE_ROAD_TESTCASES.HomePage_BaeRoad" name="CreatePaidpostWrite">
    <skipped/>
  </testcase> <!-- CreatePaidpostWrite -->
  <system-out/>
  <testcase classname="BAE_ROAD_TESTCASES.HomePage_BaeRoad" name="ValidHomePageFollowersUI">
    <skipped/>
  </testcase> <!-- ValidHomePageFollowersUI -->
  <system-out/>
  <testcase classname="BAE_ROAD_TESTCASES.HomePage_BaeRoad" name="HomePageNewPostMessageTest">
    <skipped/>
  </testcase> <!-- HomePageNewPostMessageTest -->
  <system-out/>
  <testcase classname="BAE_ROAD_TESTCASES.HomePage_BaeRoad" name="HomePageNewPostLikeTest">
    <skipped/>
  </testcase> <!-- HomePageNewPostLikeTest -->
  <system-out/>
  <testcase classname="BAE_ROAD_TESTCASES.HomePage_BaeRoad" name="EmptyCreateNewPostWrite">
    <skipped/>
  </testcase> <!-- EmptyCreateNewPostWrite -->
  <system-out/>
  <testcase classname="BAE_ROAD_TESTCASES.HomePage_BaeRoad" name="CreatePaidGamepostWrite">
    <skipped/>
  </testcase> <!-- CreatePaidGamepostWrite -->
  <system-out/>
  <testcase classname="BAE_ROAD_TESTCASES.HomePage_BaeRoad" name="HomePageSettingsOptionOptionClickTesting">
    <skipped/>
  </testcase> <!-- HomePageSettingsOptionOptionClickTesting -->
  <system-out/>
  <testcase classname="BAE_ROAD_TESTCASES.HomePage_BaeRoad" name="HomePagePurchaseOptionClickTesting">
    <skipped/>
  </testcase> <!-- HomePagePurchaseOptionClickTesting -->
  <system-out/>
  <testcase classname="BAE_ROAD_TESTCASES.HomePage_BaeRoad" name="HomePageProfileOptionClickTesting">
    <skipped/>
  </testcase> <!-- HomePageProfileOptionClickTesting -->
  <system-out/>
  <testcase classname="BAE_ROAD_TESTCASES.HomePage_BaeRoad" name="HomePageCreatedPostDeletion">
    <skipped/>
  </testcase> <!-- HomePageCreatedPostDeletion -->
  <system-out/>
  <testcase classname="BAE_ROAD_TESTCASES.HomePage_BaeRoad" name="CreateNewGameUploadPaidPost">
    <skipped/>
  </testcase> <!-- CreateNewGameUploadPaidPost -->
  <system-out/>
  <testcase classname="BAE_ROAD_TESTCASES.HomePage_BaeRoad" name="CreateNewPostImages">
    <skipped/>
  </testcase> <!-- CreateNewPostImages -->
  <system-out/>
  <testcase classname="BAE_ROAD_TESTCASES.HomePage_BaeRoad" name="InvalidHomePageFollowersUI">
    <skipped/>
  </testcase> <!-- InvalidHomePageFollowersUI -->
  <system-out/>
  <testcase classname="BAE_ROAD_TESTCASES.HomePage_BaeRoad" name="ValidHomePageSearchBoxFunctionalityTesting">
    <skipped/>
  </testcase> <!-- ValidHomePageSearchBoxFunctionalityTesting -->
  <system-out/>
  <testcase classname="BAE_ROAD_TESTCASES.HomePage_BaeRoad" name="CreateFreeGamepostWrite">
    <skipped/>
  </testcase> <!-- CreateFreeGamepostWrite -->
  <system-out/>
  <testcase classname="BAE_ROAD_TESTCASES.HomePage_BaeRoad" name="HomePageNotifictionsOptionClickTesting">
    <skipped/>
  </testcase> <!-- HomePageNotifictionsOptionClickTesting -->
  <system-out/>
  <testcase classname="BAE_ROAD_TESTCASES.HomePage_BaeRoad" name="InvalidHomePageFollowingUI">
    <skipped/>
  </testcase> <!-- InvalidHomePageFollowingUI -->
  <system-out/>
  <testcase classname="BAE_ROAD_TESTCASES.HomePage_BaeRoad" name="HomePageCreatedPostEditTest">
    <skipped/>
  </testcase> <!-- HomePageCreatedPostEditTest -->
  <system-out/>
  <testcase classname="BAE_ROAD_TESTCASES.HomePage_BaeRoad" name="CreateNewPostWrite">
    <skipped/>
  </testcase> <!-- CreateNewPostWrite -->
  <system-out/>
</testsuite> <!-- BAE_ROAD_TESTCASES.HomePage_BaeRoad -->
