<?xml version="1.0" encoding="UTF-8"?>
<!-- Generated by org.testng.reporters.JUnitReportReporter -->
<testsuite hostname="DESKTOP-5PGD9M5" failures="0" tests="17" name="BAE_ROAD_TESTCASES.MessagePage_BaeRoad" time="57.850" errors="0" timestamp="2020-08-05T13:13:31 IST" skipped="15">
  <testcase classname="BAE_ROAD_TESTCASES.MessagePage_BaeRoad" name="SuccefulLogin" time="30.032"/>
  <system-out/>
  <testcase classname="BAE_ROAD_TESTCASES.MessagePage_BaeRoad" name="MessageOptionMessageEmptyWritePostFunctionalityTest" time="27.818"/>
  <system-out/>
  <testcase classname="BAE_ROAD_TESTCASES.MessagePage_BaeRoad" name="MessageOptionMessageConversationDeleteFunctionalityTest">
    <skipped/>
  </testcase> <!-- MessageOptionMessageConversationDeleteFunctionalityTest -->
  <system-out/>
  <testcase classname="BAE_ROAD_TESTCASES.MessagePage_BaeRoad" name="MessageOptionInfluencerFollowerTipOptionFunctionalityTest">
    <skipped/>
  </testcase> <!-- MessageOptionInfluencerFollowerTipOptionFunctionalityTest -->
  <system-out/>
  <testcase classname="BAE_ROAD_TESTCASES.MessagePage_BaeRoad" name="MessageOptionMessageFreePhotoOrVideoUploadPostFunctionalityTest">
    <skipped/>
  </testcase> <!-- MessageOptionMessageFreePhotoOrVideoUploadPostFunctionalityTest -->
  <system-out/>
  <testcase classname="BAE_ROAD_TESTCASES.MessagePage_BaeRoad" name="MessageOptionInvalidSearchBoxFunctionalityTest">
    <skipped/>
  </testcase> <!-- MessageOptionInvalidSearchBoxFunctionalityTest -->
  <system-out/>
  <testcase classname="BAE_ROAD_TESTCASES.MessagePage_BaeRoad" name="MessageOptionMessagePaidWritePostFunctionalityTest">
    <skipped/>
  </testcase> <!-- MessageOptionMessagePaidWritePostFunctionalityTest -->
  <system-out/>
  <testcase classname="BAE_ROAD_TESTCASES.MessagePage_BaeRoad" name="MessageOptionMessageEmptyPhotoOrVideoUploadPostFunctionalityTest">
    <skipped/>
  </testcase> <!-- MessageOptionMessageEmptyPhotoOrVideoUploadPostFunctionalityTest -->
  <system-out/>
  <testcase classname="BAE_ROAD_TESTCASES.MessagePage_BaeRoad" name="MessageOptionMessageDeleteForEveryOnePostFunctionalityTest">
    <skipped/>
  </testcase> <!-- MessageOptionMessageDeleteForEveryOnePostFunctionalityTest -->
  <system-out/>
  <testcase classname="BAE_ROAD_TESTCASES.MessagePage_BaeRoad" name="MessageOptionMessagePaidPhotoOrVideoUploadPostFunctionalityTest">
    <skipped/>
  </testcase> <!-- MessageOptionMessagePaidPhotoOrVideoUploadPostFunctionalityTest -->
  <system-out/>
  <testcase classname="BAE_ROAD_TESTCASES.MessagePage_BaeRoad" name="MessageOptionMessageDeleteForMePostFunctionalityTest">
    <skipped/>
  </testcase> <!-- MessageOptionMessageDeleteForMePostFunctionalityTest -->
  <system-out/>
  <testcase classname="BAE_ROAD_TESTCASES.MessagePage_BaeRoad" name="MessageOptionBroadcastsFunctionalityTest">
    <skipped/>
  </testcase> <!-- MessageOptionBroadcastsFunctionalityTest -->
  <system-out/>
  <testcase classname="BAE_ROAD_TESTCASES.MessagePage_BaeRoad" name="MessageOptionMessageConversationCancelFunctionalityTest">
    <skipped/>
  </testcase> <!-- MessageOptionMessageConversationCancelFunctionalityTest -->
  <system-out/>
  <testcase classname="BAE_ROAD_TESTCASES.MessagePage_BaeRoad" name="MessageOptionMessageDeleteCancelPostFunctionalityTest">
    <skipped/>
  </testcase> <!-- MessageOptionMessageDeleteCancelPostFunctionalityTest -->
  <system-out/>
  <testcase classname="BAE_ROAD_TESTCASES.MessagePage_BaeRoad" name="MessageOptionMessageFreeWritePostFunctionalityTest">
    <skipped/>
  </testcase> <!-- MessageOptionMessageFreeWritePostFunctionalityTest -->
  <system-out/>
  <testcase classname="BAE_ROAD_TESTCASES.MessagePage_BaeRoad" name="MessageOptionMessageSendingFunctionalityTest">
    <skipped/>
  </testcase> <!-- MessageOptionMessageSendingFunctionalityTest -->
  <system-out/>
  <testcase classname="BAE_ROAD_TESTCASES.MessagePage_BaeRoad" name="MessageOptionSearchBoxFunctionalityTest">
    <skipped/>
  </testcase> <!-- MessageOptionSearchBoxFunctionalityTest -->
  <system-out/>
</testsuite> <!-- BAE_ROAD_TESTCASES.MessagePage_BaeRoad -->
