<?xml version="1.0" encoding="UTF-8"?>
<!-- Generated by org.testng.reporters.JUnitReportReporter -->
<testsuite hostname="DESKTOP-5PGD9M5" failures="0" tests="4" name="BAE_ROAD_TESTCASES.Login_BaeRoad" time="111.952" errors="0" timestamp="2020-06-21T13:58:01 IST" skipped="0">
  <testcase classname="BAE_ROAD_TESTCASES.Login_BaeRoad" name="SuccefulLogin" time="16.495"/>
  <system-out/>
  <testcase classname="BAE_ROAD_TESTCASES.Login_BaeRoad" name="CommentPage" time="22.442"/>
  <system-out/>
  <testcase classname="BAE_ROAD_TESTCASES.Login_BaeRoad" name="profile" time="46.099"/>
  <system-out/>
  <testcase classname="BAE_ROAD_TESTCASES.Login_BaeRoad" name="messagepage" time="26.916"/>
  <system-out/>
</testsuite> <!-- BAE_ROAD_TESTCASES.Login_BaeRoad -->
