<?xml version="1.0" encoding="UTF-8"?>
<!-- Generated by org.testng.reporters.JUnitReportReporter -->
<testsuite hostname="DESKTOP-5PGD9M5" failures="0" tests="11" name="BAE_ROAD_TESTCASES.LoginPage_BaeRoad" time="230.129" errors="0" timestamp="2020-08-05T12:07:18 IST" skipped="0">
  <testcase classname="BAE_ROAD_TESTCASES.LoginPage_BaeRoad" name="SuccefulLogin" time="18.823"/>
  <system-out/>
  <testcase classname="BAE_ROAD_TESTCASES.LoginPage_BaeRoad" name="InvalidUserNameAndPss" time="17.968"/>
  <system-out/>
  <testcase classname="BAE_ROAD_TESTCASES.LoginPage_BaeRoad" name="ValidUserNameInvalidPss" time="18.669"/>
  <system-out/>
  <testcase classname="BAE_ROAD_TESTCASES.LoginPage_BaeRoad" name="InvalidUserNameValidPss" time="19.250"/>
  <system-out/>
  <testcase classname="BAE_ROAD_TESTCASES.LoginPage_BaeRoad" name="ValidUserNameBlankPss" time="17.334"/>
  <system-out/>
  <testcase classname="BAE_ROAD_TESTCASES.LoginPage_BaeRoad" name="InvalidUserNameBlankPss" time="43.167"/>
  <system-out/>
  <testcase classname="BAE_ROAD_TESTCASES.LoginPage_BaeRoad" name="BlankUserNameValidpss" time="20.889"/>
  <system-out/>
  <testcase classname="BAE_ROAD_TESTCASES.LoginPage_BaeRoad" name="BlankUserNameInValidPss" time="21.554"/>
  <system-out/>
  <testcase classname="BAE_ROAD_TESTCASES.LoginPage_BaeRoad" name="BlankUserNameBlankPss" time="17.798"/>
  <system-out/>
  <testcase classname="BAE_ROAD_TESTCASES.LoginPage_BaeRoad" name="VerifyValidChangeForgotPassword" time="14.566"/>
  <system-out/>
  <testcase classname="BAE_ROAD_TESTCASES.LoginPage_BaeRoad" name="VerifyinvalidChangeForgotPassword" time="20.111"/>
  <system-out/>
</testsuite> <!-- BAE_ROAD_TESTCASES.LoginPage_BaeRoad -->
