<?xml version="1.0" encoding="UTF-8"?>
<!-- Generated by org.testng.reporters.JUnitReportReporter -->
<testsuite hostname="DESKTOP-5PGD9M5" failures="0" tests="1" name="BAE_ROAD_TESTCASES.ProfilePage_BaeRoad" time="39.483" errors="0" timestamp="2020-08-05T12:24:29 IST" skipped="0">
  <testcase classname="BAE_ROAD_TESTCASES.ProfilePage_BaeRoad" name="ProfilePageDisplyedPostEditing" time="39.483"/>
  <system-out/>
</testsuite> <!-- BAE_ROAD_TESTCASES.ProfilePage_BaeRoad -->
