<?xml version="1.0" encoding="UTF-8"?>
<!-- Generated by org.testng.reporters.JUnitReportReporter -->
<testsuite hostname="DESKTOP-5PGD9M5" failures="0" tests="2" name="BAE_ROAD_TESTCASES.Admin_panel" time="56.445" errors="0" timestamp="2020-07-17T16:04:38 IST" skipped="0">
  <testcase classname="BAE_ROAD_TESTCASES.Admin_panel" name="Login" time="19.139"/>
  <system-out/>
  <testcase classname="BAE_ROAD_TESTCASES.Admin_panel" name="adminpanel" time="37.306"/>
  <system-out/>
</testsuite> <!-- BAE_ROAD_TESTCASES.Admin_panel -->
